<?xml version="1.0" encoding="UTF-8"?>
<testsuite xmlns:xsi="http://www.w3.org/2001/XMLSchema-instance" xsi:noNamespaceSchemaLocation="https://maven.apache.org/surefire/maven-surefire-plugin/xsd/surefire-test-report-3.0.xsd" version="3.0" name="com.planetpope.cucumber.RunCucumberTest" time="3.281" tests="1" errors="0" skipped="0" failures="0">
  <properties>
[...]
</properties>
  <testcase name="Login to Orange HRM" classname="Functional testing on Orange HRM" time="2.961">
    <system-out><![CDATA[
@Smoke @Maventest
Scenario: Login to Orange HRM                                   &amp#27;[90m# com/planetpope/cucumber/Login.feature:4&amp#27;[0m
  &amp#27;[32mGiven &amp#27;[0m&amp#27;[32mThe user wants to go to Orange HRM Website&amp#27;[0m              &amp#27;[90m# com.planetpope.cucumber.StepDefinitions.the_user_wants_to_go_to_orange_hrm_website()&amp#27;[0m
  &amp#27;[32mWhen &amp#27;[0m&amp#27;[32mThe user wants to enter username and password&amp#27;[0m            &amp#27;[90m# com.planetpope.cucumber.StepDefinitions.the_user_wants_to_enter_username_and_password()&amp#27;[0m
  &amp#27;[32mThen &amp#27;[0m&amp#27;[32mThe user wants to click on Login button&amp#27;[0m                  &amp#27;[90m# com.planetpope.cucumber.StepDefinitions.the_user_wants_to_click_on_login_button()&amp#27;[0m
  &amp#27;[32mAnd &amp#27;[0m&amp#27;[32mThe user wants to verify that browser landed on Dashboard&amp#27;[0m &amp#27;[90m# com.planetpope.cucumber.StepDefinitions.the_user_wants_to_verify_that_browser_landed_on_dashboard()&amp#27;[0m
]]></system-out>
    <system-err><![CDATA[SLF4J: Failed to load class "org.slf4j.impl.StaticLoggerBinder".
SLF4J: Defaulting to no-operation (NOP) logger implementation
SLF4J: See http://www.slf4j.org/codes.html#StaticLoggerBinder for further details.
Starting ChromeDriver 108.0.5359.22 (ec46c90f5938574604681b0a7aad76cfb5e99eb7-refs/branch-heads/5359@{#365}) on port 21119
Only local connections are allowed.
Please see https://chromedriver.chromium.org/security-considerations for suggestions on keeping ChromeDriver safe.
ChromeDriver was started successfully.
Nov 02, 2022 9:57:24 PM org.openqa.selenium.devtools.CdpVersionFinder findNearestMatch
WARNING: Unable to find CDP implementation matching 108
Nov 02, 2022 9:57:24 PM org.openqa.selenium.chromium.ChromiumDriver lambda$new$3
WARNING: Unable to find version of CDP to use for . You may need to include a dependency on a specific version of the CDP using something similar to `org.seleniumhq.selenium:selenium-devtools-v86:4.5.3` where the version ("v86") matches the version of the chromium-based browser you're using and the version number of the artifact is the same as Selenium's.
]]></system-err>
  </testcase>
</testsuite>